<?xml version="1.0" encoding="UTF-8"?>
<!-- Generated by org.testng.reporters.JUnitReportReporter -->
<testsuite hostname="JCS" failures="0" tests="1" name="com.Banking.TestCases.TC_LoginTest_001" time="2.812" errors="0" timestamp="2024-02-06T11:18:28 IST" skipped="0">
  <testcase classname="com.Banking.TestCases.TC_LoginTest_001" name="LoginTest" time="2.812"/>
</testsuite> <!-- com.Banking.TestCases.TC_LoginTest_001 -->
